<testsuite errors='0' failures='1' name='test.me.imcj.as3object.factory.FieldFactoryImplTest' tests='1' time='0' ><testcase name="testAAA" time="0">
  <failure message="Error #1009: Cannot access a property or method of a null object reference." type="test.me.imcj.as3object.factory.FieldFactoryImplTest">TypeError: Error #1009: Cannot access a property or method of a null object reference.
	at me.imcj.as3object.factory::FieldFactoryImpl/createWithMethods()[F:\C1801\as3object\src\main\flex\me\imcj\as3object\factory\FieldFactoryImpl.as:111]
	at me.imcj.as3object.factory::FieldFactoryImpl()[F:\C1801\as3object\src\main\flex\me\imcj\as3object\factory\FieldFactoryImpl.as:37]
	at test.me.imcj.as3object.factory::FieldFactoryImplTest/setUp()[F:\C1801\as3object\src\test\flex\test\me\imcj\as3object\factory\FieldFactoryImplTest.as:17]
	at Function/http://adobe.com/AS3/2006/builtin::apply()
	at flex.lang.reflect::Method/apply()[E:\hudson\jobs\FlexUnit4-Flex4.1\workspace\FlexUnit4\src\flex\lang\reflect\Method.as:244]
	at org.flexunit.runners.model::FrameworkMethod/invokeExplosively()[E:\hudson\jobs\FlexUnit4-Flex4.1\workspace\FlexUnit4\src\org\flexunit\runners\model\FrameworkMethod.as:201]
	at org.flexunit.internals.runners.statements::InvokeMethod/evaluate()[E:\hudson\jobs\FlexUnit4-Flex4.1\workspace\FlexUnit4\src\org\flexunit\internals\runners\statements\InvokeMethod.as:72]
	at org.flexunit.internals.runners.statements::SequencerWithDecoration/executeStep()[E:\hudson\jobs\FlexUnit4-Flex4.1\workspace\FlexUnit4\src\org\flexunit\internals\runners\statements\SequencerWithDecoration.as:100]
	at org.flexunit.internals.runners.statements::StatementSequencer/handleChildExecuteComplete()[E:\hudson\jobs\FlexUnit4-Flex4.1\workspace\FlexUnit4\src\org\flexunit\internals\runners\statements\StatementSequencer.as:141]
	at org.flexunit.internals.runners.statements::StatementSequencer/evaluate()[E:\hudson\jobs\FlexUnit4-Flex4.1\workspace\FlexUnit4\src\org\flexunit\internals\runners\statements\StatementSequencer.as:109]
	at org.flexunit.internals.runners.statements::RunBeforesInline/evaluate()[E:\hudson\jobs\FlexUnit4-Flex4.1\workspace\FlexUnit4\src\org\flexunit\internals\runners\statements\RunBeforesInline.as:97]
	at org.flexunit.internals.runners.statements::StackAndFrameManagement/handleTimerComplete()[E:\hudson\jobs\FlexUnit4-Flex4.1\workspace\FlexUnit4\src\org\flexunit\internals\runners\statements\StackAndFrameManagement.as:138]
	at flash.events::EventDispatcher/dispatchEventFunction()
	at flash.events::EventDispatcher/dispatchEvent()
	at flash.utils::Timer/tick()</failure>
</testcase></testsuite>